<?xml version="1.0" encoding="UTF-8" ?>
<testsuite errors="1" failures="0" hostname="box" name="regex.FiniteAutomatonTest" skipped="0" tests="4" time="0.088" timestamp="2014-03-16T20:52:15">
  <properties>
[...]
</properties>
  <testcase classname="regex.FiniteAutomatonTest" name="testMalformedRegex2" time="0.002" />
  <testcase classname="regex.FiniteAutomatonTest" name="testMalformedRegex3" time="0.001" />
  <testcase classname="regex.FiniteAutomatonTest" name="testMalformedRegex1" time="0.006">
    <error type="java.lang.reflect.InvocationTargetException">java.lang.reflect.InvocationTargetException
	at regex.FiniteAutomatonTest.testMalformedRegex1(FiniteAutomatonTest.java:40)
Caused by: exceptions.MalformedRegexException: Regex was not formed correctly, invalid symbol = &quot;:&quot;
	at regex.FiniteAutomaton.checkRegex(FiniteAutomaton.java:37)
</error>
  </testcase>
  <testcase classname="regex.FiniteAutomatonTest" name="testMain" time="0.0" />
  <system-out><![CDATA[]]></system-out>
  <system-err><![CDATA[]]></system-err>
</testsuite>
